<?xml version="1.0" encoding="UTF-8"?>
<!-- Generated by org.testng.reporters.JUnitXMLReporter -->
<testsuite hostname="Dell-PC" ignored="0" name="testMethodTwo" tests="3" failures="0" timestamp="2021-12-02T09:21:06 IST" time="27.833" errors="0">
  <testcase name="testMethodFour" time="0.002" classname="tc.TC_Calclulator"/>
  <testcase name="testMethodThree" time="0.0" classname="tc.TC_Calclulator"/>
  <testcase name="testMethodTwo" time="9.672" classname="tc.TC_Calclulator"/>
</testsuite> <!-- testMethodTwo -->
