-------------------------------------------------------------------------------
Test set: TestSuite
-------------------------------------------------------------------------------
Tests run: 3, Failures: 1, Errors: 0, Skipped: 0, Time elapsed: 55.902 s <<< FAILURE! - in TestSuite
tc.TC_Calclulator.Tc_CheckBorrowingEstimate  Time elapsed: 8.463 s  <<< FAILURE!
java.lang.AssertionError: expected [$483,005] but found [$483,000]
	at tc.TC_Calclulator.ValidateCalculate(TC_Calclulator.java:57)
	at tc.TC_Calclulator.Tc_CheckBorrowingEstimate(TC_Calclulator.java:15)

